#
# A fatal error has been detected by the Java Runtime Environment:
#
#  SIGILL (0x4) at pc=0x0000000121bca26e, pid=5551, tid=0x000000000000a103
#
# JRE version: Java(TM) SE Runtime Environment (8.0_191-b12) (build 1.8.0_191-b12)
# Java VM: Java HotSpot(TM) 64-Bit Server VM (25.191-b12 mixed mode bsd-amd64 compressed oops)
# Problematic frame:
# C  [libtesseract.dylib+0x15726e]  ERRCODE::error(char const*, TessErrorLogCode, char const*, ...) const+0x178
#
# Failed to write core dump. Core dumps have been disabled. To enable core dumping, try "ulimit -c unlimited" before starting Java again
#
# If you would like to submit a bug report, please visit:
#   http://bugreport.java.com/bugreport/crash.jsp
# The crash happened outside the Java Virtual Machine in native code.
# See problematic frame for where to report the bug.
#

---------------  T H R E A D  ---------------

Current thread (0x00007fefc90f3800):  JavaThread "http-nio-8080-exec-4" daemon [_thread_in_native, id=41219, stack(0x0000700008d9b000,0x0000700008e9b000)]

siginfo: si_signo: 4 (SIGILL), si_code: 1 (ILL_ILLOPC), si_addr: 0x0000000121bca26e

Registers:
RAX=0x0000000000000003, RBX=0x0000700008e97148, RCX=0x0000700008e9b0ac, RDX=0x0000000000000000
RSP=0x0000700008e97070, RBP=0x0000700008e97570, RSI=0x00000000000120a8, RDI=0x00007fffaeba3028
R8 =0x00000000000130a8, R9 =0x00007fffaeba3048, R10=0x0000000000000000, R11=0x00007fffaeba3040
R12=0x0000000121c524d0, R13=0x0000700008e97135, R14=0x0000000000000001, R15=0x0000000121c26fd8
RIP=0x0000000121bca26e, EFLAGS=0x0000000000010246, ERR=0x0000000000000000
  TRAPNO=0x0000000000000006

Top of Stack: (sp=0x0000700008e97070)
0x0000700008e97070:   0000000121eb9a60 0000000121ebb428
0x0000700008e97080:   00007fff7822a085 00000001091fe938
0x0000700008e97090:   0000000121c26fec 00000000000000d1
0x0000700008e970a0:   0101000109964900 0000000121c4e008
0x0000700008e970b0:   00007fefca543a20 0000000000000002
0x0000700008e970c0:   0000000000001870 806909daecd20094
0x0000700008e970d0:   0000700008e970f0 0000000109194b76
0x0000700008e970e0:   00007fefca6008d0 00007fefc90f39f8
0x0000700008e970f0:   0000700008e97560 00007fff7822a32e
0x0000700008e97100:   000000000000037f 0000000000000000
0x0000700008e97110:   0000000000000000 0000ffff00001fa0
0x0000700008e97120:   28706d6372747321 202c656c61636f6c
0x0000700008e97130:   7272453a29224322 72657373413a726f
0x0000700008e97140:   64656c6961662074 656c6966206e693a
0x0000700008e97150:   6970616573616220 696c202c7070632e
0x0000700008e97160:   000a39303220656e 0000000000000000
0x0000700008e97170:   0000000000000000 000000000000ffff
0x0000700008e97180:   0000000001274c8e 000000000000ffff
0x0000700008e97190:   0000000086d229dc 000000000000ffff
0x0000700008e971a0:   ffffffffffffff00 ffffffffffffffff
0x0000700008e971b0:   0000000000000000 0000000000000000
0x0000700008e971c0:   0000000000000000 0000000000000000
0x0000700008e971d0:   0000000000000000 0000000000000000
0x0000700008e971e0:   0000000000000000 0000000000000000
0x0000700008e971f0:   7972617262694c2f 614a2f6176614a2f
0x0000700008e97200:   0000000000000000 0000000000000000
0x0000700008e97210:   0000000000000000 0000000000000000
0x0000700008e97220:   0000000000000000 0000000000000000
0x0000700008e97230:   0000000000000000 0000000000000000
0x0000700008e97240:   0000000000000000 0000000000000000
0x0000700008e97250:   0000000000000000 0000000000000000
0x0000700008e97260:   0000000000000000 0000000000000000 

Instructions: (pc=0x0000000121bca26e)
0x0000000121bca24e:   48 8b 00 48 3b 45 d0 75 12 48 81 c4 d8 04 00 00
0x0000000121bca25e:   5b 41 5c 41 5d 41 5e 41 5f 5d c3 e8 22 e2 00 00
0x0000000121bca26e:   0f 0b 55 48 89 e5 b0 01 84 07 74 06 48 8b 7f 10
0x0000000121bca27e:   eb 03 48 ff c7 84 06 74 06 48 8b 76 10 eb 03 48 

Register to memory mapping:

RAX=0x0000000000000003 is an unknown value
RBX=0x0000700008e97148 is pointing into the stack for thread: 0x00007fefc90f3800
RCX=0x0000700008e9b0ac is an unknown value
RDX=0x0000000000000000 is an unknown value
RSP=0x0000700008e97070 is pointing into the stack for thread: 0x00007fefc90f3800
RBP=0x0000700008e97570 is pointing into the stack for thread: 0x00007fefc90f3800
RSI=0x00000000000120a8 is an unknown value
RDI=0x00007fffaeba3028: __sFX+0x1a8 in /usr/lib/system/libsystem_c.dylib at 0x00007fff78288000
R8 =0x00000000000130a8 is an unknown value
R9 =0x00007fffaeba3048: __sFX+0x1c8 in /usr/lib/system/libsystem_c.dylib at 0x00007fff78288000
R10=0x0000000000000000 is an unknown value
R11=0x00007fffaeba3040: __sFX+0x1c0 in /usr/lib/system/libsystem_c.dylib at 0x00007fff78288000
R12=0x0000000121c524d0: _ZL13ASSERT_FAILED+0 in /usr/local/lib/libtesseract.dylib at 0x0000000121a73000
R13=0x0000700008e97135 is pointing into the stack for thread: 0x00007fefc90f3800
R14=0x0000000000000001 is an unknown value
R15=0x0000000121c26fd8: _ZN9tesseract26ksizeofUniversalAmbigsFileE+0xd4 in /usr/local/lib/libtesseract.dylib at 0x0000000121a73000


Stack: [0x0000700008d9b000,0x0000700008e9b000],  sp=0x0000700008e97070,  free space=1008k
Native frames: (J=compiled Java code, j=interpreted, Vv=VM code, C=native code)
C  [libtesseract.dylib+0x15726e]  ERRCODE::error(char const*, TessErrorLogCode, char const*, ...) const+0x178
C  [libtesseract.dylib+0x1f91]  tesseract::TessBaseAPI::TessBaseAPI()+0x97
C  [libtesseract.dylib+0xb777]  TessBaseAPICreate+0x1c
C  [jna4407851972744628713.tmp+0xdef4]  ffi_call_unix64+0x4c
C  0x0000700008e98090

Java frames: (J=compiled Java code, j=interpreted, Vv=VM code)
j  net.sourceforge.tess4j.TessAPI1.TessBaseAPICreate()Lnet/sourceforge/tess4j/ITessAPI$TessBaseAPI;+0
j  net.sourceforge.tess4j.Tesseract1.init()V+1
j  net.sourceforge.tess4j.Tesseract1.doOCR(Ljava/io/File;Ljava/awt/Rectangle;)Ljava/lang/String;+81
j  net.sourceforge.tess4j.Tesseract1.doOCR(Ljava/io/File;)Ljava/lang/String;+3
j  tess.TesseractService.doOcr(Ljava/io/File;)Ljava/lang/String;+12
j  service.SalesReceiptScanner.doScan(Ljava/io/File;)Ldata/document/ReceiptDocument;+11
j  com.nikchernyakov.receiptscannerserver.controllers.MainController.handleFileUpload(Lorg/springframework/web/multipart/MultipartFile;)Ljava/lang/String;+73
v  ~StubRoutines::call_stub
J 1602  sun.reflect.NativeMethodAccessorImpl.invoke0(Ljava/lang/reflect/Method;Ljava/lang/Object;[Ljava/lang/Object;)Ljava/lang/Object; (0 bytes) @ 0x0000000109602af7 [0x0000000109602a80+0x77]
J 1601 C1 sun.reflect.NativeMethodAccessorImpl.invoke(Ljava/lang/Object;[Ljava/lang/Object;)Ljava/lang/Object; (104 bytes) @ 0x000000010960324c [0x0000000109602ea0+0x3ac]
J 1431 C1 sun.reflect.DelegatingMethodAccessorImpl.invoke(Ljava/lang/Object;[Ljava/lang/Object;)Ljava/lang/Object; (10 bytes) @ 0x0000000109594a04 [0x00000001095949c0+0x44]
J 1430 C1 java.lang.reflect.Method.invoke(Ljava/lang/Object;[Ljava/lang/Object;)Ljava/lang/Object; (62 bytes) @ 0x00000001095941a4 [0x00000001095940a0+0x104]
j  org.springframework.web.method.support.InvocableHandlerMethod.doInvoke([Ljava/lang/Object;)Ljava/lang/Object;+16
j  org.springframework.web.method.support.InvocableHandlerMethod.invokeForRequest(Lorg/springframework/web/context/request/NativeWebRequest;Lorg/springframework/web/method/support/ModelAndViewContainer;[Ljava/lang/Object;)Ljava/lang/Object;+56
j  org.springframework.web.servlet.mvc.method.annotation.ServletInvocableHandlerMethod.invokeAndHandle(Lorg/springframework/web/context/request/ServletWebRequest;Lorg/springframework/web/method/support/ModelAndViewContainer;[Ljava/lang/Object;)V+4
j  org.springframework.web.servlet.mvc.method.annotation.RequestMappingHandlerAdapter.invokeHandlerMethod(Ljavax/servlet/http/HttpServletRequest;Ljavax/servlet/http/HttpServletResponse;Lorg/springframework/web/method/HandlerMethod;)Lorg/springframework/web/servlet/ModelAndView;+244
j  org.springframework.web.servlet.mvc.method.annotation.RequestMappingHandlerAdapter.handleInternal(Ljavax/servlet/http/HttpServletRequest;Ljavax/servlet/http/HttpServletResponse;Lorg/springframework/web/method/HandlerMethod;)Lorg/springframework/web/servlet/ModelAndView;+81
j  org.springframework.web.servlet.mvc.method.AbstractHandlerMethodAdapter.handle(Ljavax/servlet/http/HttpServletRequest;Ljavax/servlet/http/HttpServletResponse;Ljava/lang/Object;)Lorg/springframework/web/servlet/ModelAndView;+7
j  org.springframework.web.servlet.DispatcherServlet.doDispatch(Ljavax/servlet/http/HttpServletRequest;Ljavax/servlet/http/HttpServletResponse;)V+257
j  org.springframework.web.servlet.DispatcherServlet.doService(Ljavax/servlet/http/HttpServletRequest;Ljavax/servlet/http/HttpServletResponse;)V+212
j  org.springframework.web.servlet.FrameworkServlet.processRequest(Ljavax/servlet/http/HttpServletRequest;Ljavax/servlet/http/HttpServletResponse;)V+71
j  org.springframework.web.servlet.FrameworkServlet.doPost(Ljavax/servlet/http/HttpServletRequest;Ljavax/servlet/http/HttpServletResponse;)V+3
j  javax.servlet.http.HttpServlet.service(Ljavax/servlet/http/HttpServletRequest;Ljavax/servlet/http/HttpServletResponse;)V+149
j  org.springframework.web.servlet.FrameworkServlet.service(Ljavax/servlet/http/HttpServletRequest;Ljavax/servlet/http/HttpServletResponse;)V+33
j  javax.servlet.http.HttpServlet.service(Ljavax/servlet/ServletRequest;Ljavax/servlet/ServletResponse;)V+36
j  org.apache.catalina.core.ApplicationFilterChain.internalDoFilter(Ljavax/servlet/ServletRequest;Ljavax/servlet/ServletResponse;)V+304
j  org.apache.catalina.core.ApplicationFilterChain.doFilter(Ljavax/servlet/ServletRequest;Ljavax/servlet/ServletResponse;)V+101
j  org.apache.tomcat.websocket.server.WsFilter.doFilter(Ljavax/servlet/ServletRequest;Ljavax/servlet/ServletResponse;Ljavax/servlet/FilterChain;)V+21
j  org.apache.catalina.core.ApplicationFilterChain.internalDoFilter(Ljavax/servlet/ServletRequest;Ljavax/servlet/ServletResponse;)V+135
j  org.apache.catalina.core.ApplicationFilterChain.doFilter(Ljavax/servlet/ServletRequest;Ljavax/servlet/ServletResponse;)V+101
j  org.springframework.web.filter.RequestContextFilter.doFilterInternal(Ljavax/servlet/http/HttpServletRequest;Ljavax/servlet/http/HttpServletResponse;Ljavax/servlet/FilterChain;)V+21
j  org.springframework.web.filter.OncePerRequestFilter.doFilter(Ljavax/servlet/ServletRequest;Ljavax/servlet/ServletResponse;Ljavax/servlet/FilterChain;)V+111
j  org.apache.catalina.core.ApplicationFilterChain.internalDoFilter(Ljavax/servlet/ServletRequest;Ljavax/servlet/ServletResponse;)V+135
j  org.apache.catalina.core.ApplicationFilterChain.doFilter(Ljavax/servlet/ServletRequest;Ljavax/servlet/ServletResponse;)V+101
j  org.springframework.web.filter.FormContentFilter.doFilterInternal(Ljavax/servlet/http/HttpServletRequest;Ljavax/servlet/http/HttpServletResponse;Ljavax/servlet/FilterChain;)V+38
j  org.springframework.web.filter.OncePerRequestFilter.doFilter(Ljavax/servlet/ServletRequest;Ljavax/servlet/ServletResponse;Ljavax/servlet/FilterChain;)V+111
j  org.apache.catalina.core.ApplicationFilterChain.internalDoFilter(Ljavax/servlet/ServletRequest;Ljavax/servlet/ServletResponse;)V+135
j  org.apache.catalina.core.ApplicationFilterChain.doFilter(Ljavax/servlet/ServletRequest;Ljavax/servlet/ServletResponse;)V+101
j  org.springframework.web.filter.HiddenHttpMethodFilter.doFilterInternal(Ljavax/servlet/http/HttpServletRequest;Ljavax/servlet/http/HttpServletResponse;Ljavax/servlet/FilterChain;)V+87
j  org.springframework.web.filter.OncePerRequestFilter.doFilter(Ljavax/servlet/ServletRequest;Ljavax/servlet/ServletResponse;Ljavax/servlet/FilterChain;)V+111
j  org.apache.catalina.core.ApplicationFilterChain.internalDoFilter(Ljavax/servlet/ServletRequest;Ljavax/servlet/ServletResponse;)V+135
j  org.apache.catalina.core.ApplicationFilterChain.doFilter(Ljavax/servlet/ServletRequest;Ljavax/servlet/ServletResponse;)V+101
j  org.springframework.web.filter.CharacterEncodingFilter.doFilterInternal(Ljavax/servlet/http/HttpServletRequest;Ljavax/servlet/http/HttpServletResponse;Ljavax/servlet/FilterChain;)V+53
j  org.springframework.web.filter.OncePerRequestFilter.doFilter(Ljavax/servlet/ServletRequest;Ljavax/servlet/ServletResponse;Ljavax/servlet/FilterChain;)V+111
j  org.apache.catalina.core.ApplicationFilterChain.internalDoFilter(Ljavax/servlet/ServletRequest;Ljavax/servlet/ServletResponse;)V+135
j  org.apache.catalina.core.ApplicationFilterChain.doFilter(Ljavax/servlet/ServletRequest;Ljavax/servlet/ServletResponse;)V+101
j  org.apache.catalina.core.StandardWrapperValve.invoke(Lorg/apache/catalina/connector/Request;Lorg/apache/catalina/connector/Response;)V+688
j  org.apache.catalina.core.StandardContextValve.invoke(Lorg/apache/catalina/connector/Request;Lorg/apache/catalina/connector/Response;)V+166
j  org.apache.catalina.authenticator.AuthenticatorBase.invoke(Lorg/apache/catalina/connector/Request;Lorg/apache/catalina/connector/Response;)V+260
j  org.apache.catalina.core.StandardHostValve.invoke(Lorg/apache/catalina/connector/Request;Lorg/apache/catalina/connector/Response;)V+114
j  org.apache.catalina.valves.ErrorReportValve.invoke(Lorg/apache/catalina/connector/Request;Lorg/apache/catalina/connector/Response;)V+6
j  org.apache.catalina.core.StandardEngineValve.invoke(Lorg/apache/catalina/connector/Request;Lorg/apache/catalina/connector/Response;)V+45
j  org.apache.catalina.connector.CoyoteAdapter.service(Lorg/apache/coyote/Request;Lorg/apache/coyote/Response;)V+199
j  org.apache.coyote.http11.Http11Processor.service(Lorg/apache/tomcat/util/net/SocketWrapperBase;)Lorg/apache/tomcat/util/net/AbstractEndpoint$Handler$SocketState;+791
j  org.apache.coyote.AbstractProcessorLight.process(Lorg/apache/tomcat/util/net/SocketWrapperBase;Lorg/apache/tomcat/util/net/SocketEvent;)Lorg/apache/tomcat/util/net/AbstractEndpoint$Handler$SocketState;+113
j  org.apache.coyote.AbstractProtocol$ConnectionHandler.process(Lorg/apache/tomcat/util/net/SocketWrapperBase;Lorg/apache/tomcat/util/net/SocketEvent;)Lorg/apache/tomcat/util/net/AbstractEndpoint$Handler$SocketState;+422
j  org.apache.tomcat.util.net.NioEndpoint$SocketProcessor.doRun()V+191
j  org.apache.tomcat.util.net.SocketProcessorBase.run()V+21
j  java.util.concurrent.ThreadPoolExecutor.runWorker(Ljava/util/concurrent/ThreadPoolExecutor$Worker;)V+95
j  java.util.concurrent.ThreadPoolExecutor$Worker.run()V+5
j  org.apache.tomcat.util.threads.TaskThread$WrappingRunnable.run()V+4
j  java.lang.Thread.run()V+11
v  ~StubRoutines::call_stub

---------------  P R O C E S S  ---------------

Java Threads: ( => current thread )
  0x00007fefc8c0d800 JavaThread "Java2D Disposer" daemon [_thread_blocked, id=36875, stack(0x00007000098bc000,0x00007000099bc000)]
  0x00007fefc84f8800 JavaThread "AWT-AppKit" daemon [_thread_in_native, id=775, stack(0x00007ffeeb372000,0x00007ffeebb72000)]
  0x00007fefc90fd000 JavaThread "RMI TCP Connection(idle)" daemon [_thread_blocked, id=37379, stack(0x00007000099bf000,0x0000700009abf000)]
  0x00007fefc9861000 JavaThread "RMI TCP Connection(3)-127.0.0.1" daemon [_thread_in_native, id=26375, stack(0x00007000097b9000,0x00007000098b9000)]
  0x00007fefc8001000 JavaThread "DestroyJavaVM" [_thread_blocked, id=4355, stack(0x0000700006f3e000,0x000070000703e000)]
  0x00007fefc8d5f800 JavaThread "http-nio-8080-Acceptor-0" daemon [_thread_in_native, id=38403, stack(0x00007000096b6000,0x00007000097b6000)]
  0x00007fefc90e8800 JavaThread "http-nio-8080-ClientPoller-1" daemon [_thread_in_native, id=26115, stack(0x00007000095b3000,0x00007000096b3000)]
  0x00007fefc8d5f000 JavaThread "http-nio-8080-ClientPoller-0" daemon [_thread_in_native, id=39171, stack(0x00007000094b0000,0x00007000095b0000)]
  0x00007fefc98a8000 JavaThread "http-nio-8080-exec-10" daemon [_thread_blocked, id=25859, stack(0x00007000093ad000,0x00007000094ad000)]
  0x00007fefc8d57000 JavaThread "http-nio-8080-exec-9" daemon [_thread_blocked, id=25603, stack(0x00007000092aa000,0x00007000093aa000)]
  0x00007fefc98a7800 JavaThread "http-nio-8080-exec-8" daemon [_thread_blocked, id=25091, stack(0x00007000091a7000,0x00007000092a7000)]
  0x00007fefc98a6800 JavaThread "http-nio-8080-exec-7" daemon [_thread_blocked, id=40195, stack(0x00007000090a4000,0x00007000091a4000)]
  0x00007fefc98a6000 JavaThread "http-nio-8080-exec-6" daemon [_thread_blocked, id=24835, stack(0x0000700008fa1000,0x00007000090a1000)]
  0x00007fefc90eb800 JavaThread "http-nio-8080-exec-5" daemon [_thread_blocked, id=40707, stack(0x0000700008e9e000,0x0000700008f9e000)]
=>0x00007fefc90f3800 JavaThread "http-nio-8080-exec-4" daemon [_thread_in_native, id=41219, stack(0x0000700008d9b000,0x0000700008e9b000)]
  0x00007fefc8d56000 JavaThread "http-nio-8080-exec-3" daemon [_thread_blocked, id=24323, stack(0x0000700008c98000,0x0000700008d98000)]
  0x00007fefc90f1000 JavaThread "http-nio-8080-exec-2" daemon [_thread_blocked, id=23811, stack(0x0000700008b95000,0x0000700008c95000)]
  0x00007fefc80d6800 JavaThread "http-nio-8080-exec-1" daemon [_thread_blocked, id=23299, stack(0x0000700008a92000,0x0000700008b92000)]
  0x00007fefc80dd000 JavaThread "NioBlockingSelector.BlockPoller-1" daemon [_thread_in_native, id=41991, stack(0x000070000898f000,0x0000700008a8f000)]
  0x00007fefca8a4000 JavaThread "container-0" [_thread_blocked, id=42499, stack(0x000070000888c000,0x000070000898c000)]
  0x00007fefc98a1000 JavaThread "Catalina-utility-2" [_thread_blocked, id=43015, stack(0x0000700008789000,0x0000700008889000)]
  0x00007fefca891800 JavaThread "Catalina-utility-1" [_thread_blocked, id=23115, stack(0x0000700008686000,0x0000700008786000)]
  0x00007fefc995a000 JavaThread "RMI TCP Connection(5)-127.0.0.1" daemon [_thread_in_native, id=22531, stack(0x0000700008583000,0x0000700008683000)]
  0x00007fefc9959800 JavaThread "RMI Scheduler(0)" daemon [_thread_blocked, id=22019, stack(0x0000700008480000,0x0000700008580000)]
  0x00007fefc9953800 JavaThread "RMI TCP Connection(1)-127.0.0.1" daemon [_thread_in_native, id=15875, stack(0x000070000837d000,0x000070000847d000)]
  0x00007fefc90de000 JavaThread "Attach Listener" daemon [_thread_blocked, id=16387, stack(0x000070000827a000,0x000070000837a000)]
  0x00007fefc8a0b000 JavaThread "RMI TCP Accept-0" daemon [_thread_in_native, id=17155, stack(0x0000700008074000,0x0000700008174000)]
  0x00007fefc82b5800 JavaThread "RMI TCP Accept-56538" daemon [_thread_in_native, id=17667, stack(0x0000700007f71000,0x0000700008071000)]
  0x00007fefc8229800 JavaThread "RMI TCP Accept-0" daemon [_thread_in_native, id=13067, stack(0x0000700007e6e000,0x0000700007f6e000)]
  0x00007fefc898e800 JavaThread "Service Thread" daemon [_thread_blocked, id=18179, stack(0x0000700007d6b000,0x0000700007e6b000)]
  0x00007fefc908f800 JavaThread "C1 CompilerThread2" daemon [_thread_blocked, id=14851, stack(0x0000700007c68000,0x0000700007d68000)]
  0x00007fefc908e800 JavaThread "C2 CompilerThread1" daemon [_thread_blocked, id=14339, stack(0x0000700007b65000,0x0000700007c65000)]
  0x00007fefc9932800 JavaThread "C2 CompilerThread0" daemon [_thread_blocked, id=18435, stack(0x0000700007a62000,0x0000700007b62000)]
  0x00007fefc9930800 JavaThread "Monitor Ctrl-Break" daemon [_thread_in_native, id=18947, stack(0x000070000795f000,0x0000700007a5f000)]
  0x00007fefc9024000 JavaThread "Signal Dispatcher" daemon [_thread_blocked, id=19203, stack(0x000070000785c000,0x000070000795c000)]
  0x00007fefc9806800 JavaThread "Finalizer" daemon [_thread_blocked, id=11779, stack(0x0000700007759000,0x0000700007859000)]
  0x00007fefc802a800 JavaThread "Reference Handler" daemon [_thread_blocked, id=20739, stack(0x0000700007656000,0x0000700007756000)]

Other Threads:
  0x00007fefc8024000 VMThread [stack: 0x0000700007553000,0x0000700007653000] [id=20995]
  0x00007fefc8a0b800 WatcherThread [stack: 0x0000700008177000,0x0000700008277000] [id=16899]

VM state:not at safepoint (normal execution)

VM Mutex/Monitor currently owned by a thread: None

Heap:
 PSYoungGen      total 225792K, used 85137K [0x000000076ab00000, 0x000000077a580000, 0x00000007c0000000)
  eden space 212480K, 40% used [0x000000076ab00000,0x000000076fe24770,0x0000000777a80000)
  from space 13312K, 0% used [0x0000000778780000,0x0000000778780000,0x0000000779480000)
  to   space 13312K, 0% used [0x0000000777a80000,0x0000000777a80000,0x0000000778780000)
 ParOldGen       total 103936K, used 14270K [0x00000006c0000000, 0x00000006c6580000, 0x000000076ab00000)
  object space 103936K, 13% used [0x00000006c0000000,0x00000006c0defa30,0x00000006c6580000)
 Metaspace       used 38638K, capacity 40388K, committed 40616K, reserved 1085440K
  class space    used 5127K, capacity 5437K, committed 5552K, reserved 1048576K

Card table byte_map: [0x0000000105dc0000,0x00000001065c1000] byte_map_base: 0x00000001027c0000

Marking Bits: (ParMarkBitMap*) 0x00000001049bce00
 Begin Bits: [0x000000011825b000, 0x000000011c25b000)
 End Bits:   [0x000000011c25b000, 0x000000012025b000)

Polling page: 0x00000001050bb000

CodeCache: size=245760Kb used=7205Kb max_used=7205Kb free=238554Kb
 bounds [0x000000010925b000, 0x000000010996b000, 0x000000011825b000]
 total_blobs=3997 nmethods=3501 adapters=409
 compilation: enabled

Compilation events (10 events):
Event: 42.998 Thread 0x00007fefc908f800 3538       1       com.sun.imageio.plugins.jpeg.JPEGBuffer::scanForFF (162 bytes)
Event: 42.998 Thread 0x00007fefc908f800 nmethod 3538 0x0000000109961f90 code [0x0000000109962120, 0x00000001099623c8]
Event: 42.998 Thread 0x00007fefc908f800 3539       1       com.sun.imageio.plugins.jpeg.JPEGBuffer::loadBuf (246 bytes)
Event: 42.999 Thread 0x00007fefc908f800 nmethod 3539 0x0000000109962990 code [0x0000000109962c40, 0x0000000109963a98]
Event: 42.999 Thread 0x00007fefc908f800 3540       1       javax.imageio.stream.ImageInputStreamImpl::checkClosed (18 bytes)
Event: 42.999 Thread 0x00007fefc908f800 nmethod 3540 0x0000000109964390 code [0x0000000109964500, 0x00000001099646c8]
Event: 42.999 Thread 0x00007fefc908f800 3541       1       javax.imageio.stream.FileImageInputStream::read (42 bytes)
Event: 42.999 Thread 0x00007fefc908f800 nmethod 3541 0x0000000109964790 code [0x0000000109964900, 0x0000000109964b18]
Event: 42.999 Thread 0x00007fefc908f800 3542       1       java.io.RandomAccessFile::read (8 bytes)
Event: 42.999 Thread 0x00007fefc908f800 nmethod 3542 0x0000000109964c90 code [0x0000000109964e00, 0x0000000109964f28]

GC Heap History (10 events):
Event: 6.227 GC heap before
{Heap before GC invocations=4 (full 1):
 PSYoungGen      total 76288K, used 8046K [0x000000076ab00000, 0x0000000774000000, 0x00000007c0000000)
  eden space 65536K, 0% used [0x000000076ab00000,0x000000076ab00000,0x000000076eb00000)
  from space 10752K, 74% used [0x000000076eb00000,0x000000076f2db9b8,0x000000076f580000)
  to   space 10752K, 0% used [0x0000000773580000,0x0000000773580000,0x0000000774000000)
 ParOldGen       total 175104K, used 32K [0x00000006c0000000, 0x00000006cab00000, 0x000000076ab00000)
  object space 175104K, 0% used [0x00000006c0000000,0x00000006c0008000,0x00000006cab00000)
 Metaspace       used 20717K, capacity 21188K, committed 21296K, reserved 1067008K
  class space    used 2672K, capacity 2838K, committed 2864K, reserved 1048576K
Event: 6.260 GC heap after
Heap after GC invocations=4 (full 1):
 PSYoungGen      total 76288K, used 0K [0x000000076ab00000, 0x0000000774000000, 0x00000007c0000000)
  eden space 65536K, 0% used [0x000000076ab00000,0x000000076ab00000,0x000000076eb00000)
  from space 10752K, 0% used [0x000000076eb00000,0x000000076eb00000,0x000000076f580000)
  to   space 10752K, 0% used [0x0000000773580000,0x0000000773580000,0x0000000774000000)
 ParOldGen       total 84480K, used 7764K [0x00000006c0000000, 0x00000006c5280000, 0x000000076ab00000)
  object space 84480K, 9% used [0x00000006c0000000,0x00000006c0795220,0x00000006c5280000)
 Metaspace       used 20716K, capacity 21182K, committed 21296K, reserved 1067008K
  class space    used 2671K, capacity 2837K, committed 2864K, reserved 1048576K
}
Event: 21.065 GC heap before
{Heap before GC invocations=5 (full 1):
 PSYoungGen      total 76288K, used 65536K [0x000000076ab00000, 0x0000000774000000, 0x00000007c0000000)
  eden space 65536K, 100% used [0x000000076ab00000,0x000000076eb00000,0x000000076eb00000)
  from space 10752K, 0% used [0x000000076eb00000,0x000000076eb00000,0x000000076f580000)
  to   space 10752K, 0% used [0x0000000773580000,0x0000000773580000,0x0000000774000000)
 ParOldGen       total 84480K, used 7764K [0x00000006c0000000, 0x00000006c5280000, 0x000000076ab00000)
  object space 84480K, 9% used [0x00000006c0000000,0x00000006c0795220,0x00000006c5280000)
 Metaspace       used 25417K, capacity 26138K, committed 26416K, reserved 1073152K
  class space    used 3324K, capacity 3509K, committed 3632K, reserved 1048576K
Event: 21.071 GC heap after
Heap after GC invocations=5 (full 1):
 PSYoungGen      total 123904K, used 5332K [0x000000076ab00000, 0x0000000773b00000, 0x00000007c0000000)
  eden space 118272K, 0% used [0x000000076ab00000,0x000000076ab00000,0x0000000771e80000)
  from space 5632K, 94% used [0x0000000773580000,0x0000000773ab51a8,0x0000000773b00000)
  to   space 10752K, 0% used [0x0000000772600000,0x0000000772600000,0x0000000773080000)
 ParOldGen       total 84480K, used 7772K [0x00000006c0000000, 0x00000006c5280000, 0x000000076ab00000)
  object space 84480K, 9% used [0x00000006c0000000,0x00000006c0797220,0x00000006c5280000)
 Metaspace       used 25417K, capacity 26138K, committed 26416K, reserved 1073152K
  class space    used 3324K, capacity 3509K, committed 3632K, reserved 1048576K
}
Event: 21.737 GC heap before
{Heap before GC invocations=6 (full 1):
 PSYoungGen      total 123904K, used 123604K [0x000000076ab00000, 0x0000000773b00000, 0x00000007c0000000)
  eden space 118272K, 100% used [0x000000076ab00000,0x0000000771e80000,0x0000000771e80000)
  from space 5632K, 94% used [0x0000000773580000,0x0000000773ab51a8,0x0000000773b00000)
  to   space 10752K, 0% used [0x0000000772600000,0x0000000772600000,0x0000000773080000)
 ParOldGen       total 84480K, used 7772K [0x00000006c0000000, 0x00000006c5280000, 0x000000076ab00000)
  object space 84480K, 9% used [0x00000006c0000000,0x00000006c0797220,0x00000006c5280000)
 Metaspace       used 31737K, capacity 33066K, committed 33200K, reserved 1077248K
  class space    used 4167K, capacity 4471K, committed 4528K, reserved 1048576K
Event: 21.750 GC heap after
Heap after GC invocations=6 (full 1):
 PSYoungGen      total 136704K, used 10723K [0x000000076ab00000, 0x0000000779480000, 0x00000007c0000000)
  eden space 125952K, 0% used [0x000000076ab00000,0x000000076ab00000,0x0000000772600000)
  from space 10752K, 99% used [0x0000000772600000,0x0000000773078db8,0x0000000773080000)
  to   space 13312K, 0% used [0x0000000778780000,0x0000000778780000,0x0000000779480000)
 ParOldGen       total 84480K, used 9131K [0x00000006c0000000, 0x00000006c5280000, 0x000000076ab00000)
  object space 84480K, 10% used [0x00000006c0000000,0x00000006c08eaed0,0x00000006c5280000)
 Metaspace       used 31737K, capacity 33066K, committed 33200K, reserved 1077248K
  class space    used 4167K, capacity 4471K, committed 4528K, reserved 1048576K
}
Event: 22.029 GC heap before
{Heap before GC invocations=7 (full 1):
 PSYoungGen      total 136704K, used 54627K [0x000000076ab00000, 0x0000000779480000, 0x00000007c0000000)
  eden space 125952K, 34% used [0x000000076ab00000,0x000000076d5dff90,0x0000000772600000)
  from space 10752K, 99% used [0x0000000772600000,0x0000000773078db8,0x0000000773080000)
  to   space 13312K, 0% used [0x0000000778780000,0x0000000778780000,0x0000000779480000)
 ParOldGen       total 84480K, used 9131K [0x00000006c0000000, 0x00000006c5280000, 0x000000076ab00000)
  object space 84480K, 10% used [0x00000006c0000000,0x00000006c08eaed0,0x00000006c5280000)
 Metaspace       used 33951K, capacity 35428K, committed 35496K, reserved 1079296K
  class space    used 4462K, capacity 4758K, committed 4784K, reserved 1048576K
Event: 22.040 GC heap after
Heap after GC invocations=7 (full 1):
 PSYoungGen      total 225792K, used 9803K [0x000000076ab00000, 0x000000077a580000, 0x00000007c0000000)
  eden space 212480K, 0% used [0x000000076ab00000,0x000000076ab00000,0x0000000777a80000)
  from space 13312K, 73% used [0x0000000778780000,0x0000000779112ff0,0x0000000779480000)
  to   space 13312K, 0% used [0x0000000777a80000,0x0000000777a80000,0x0000000778780000)
 ParOldGen       total 84480K, used 9203K [0x00000006c0000000, 0x00000006c5280000, 0x000000076ab00000)
  object space 84480K, 10% used [0x00000006c0000000,0x00000006c08fcee0,0x00000006c5280000)
 Metaspace       used 33951K, capacity 35428K, committed 35496K, reserved 1079296K
  class space    used 4462K, capacity 4758K, committed 4784K, reserved 1048576K
}
Event: 22.040 GC heap before
{Heap before GC invocations=8 (full 2):
 PSYoungGen      total 225792K, used 9803K [0x000000076ab00000, 0x000000077a580000, 0x00000007c0000000)
  eden space 212480K, 0% used [0x000000076ab00000,0x000000076ab00000,0x0000000777a80000)
  from space 13312K, 73% used [0x0000000778780000,0x0000000779112ff0,0x0000000779480000)
  to   space 13312K, 0% used [0x0000000777a80000,0x0000000777a80000,0x0000000778780000)
 ParOldGen       total 84480K, used 9203K [0x00000006c0000000, 0x00000006c5280000, 0x000000076ab00000)
  object space 84480K, 10% used [0x00000006c0000000,0x00000006c08fcee0,0x00000006c5280000)
 Metaspace       used 33951K, capacity 35428K, committed 35496K, reserved 1079296K
  class space    used 4462K, capacity 4758K, committed 4784K, reserved 1048576K
Event: 22.103 GC heap after
Heap after GC invocations=8 (full 2):
 PSYoungGen      total 225792K, used 0K [0x000000076ab00000, 0x000000077a580000, 0x00000007c0000000)
  eden space 212480K, 0% used [0x000000076ab00000,0x000000076ab00000,0x0000000777a80000)
  from space 13312K, 0% used [0x0000000778780000,0x0000000778780000,0x0000000779480000)
  to   space 13312K, 0% used [0x0000000777a80000,0x0000000777a80000,0x0000000778780000)
 ParOldGen       total 103936K, used 14270K [0x00000006c0000000, 0x00000006c6580000, 0x000000076ab00000)
  object space 103936K, 13% used [0x00000006c0000000,0x00000006c0defa30,0x00000006c6580000)
 Metaspace       used 33951K, capacity 35428K, committed 35496K, reserved 1079296K
  class space    used 4462K, capacity 4758K, committed 4784K, reserved 1048576K
}

Deoptimization events (0 events):
No events

Classes redefined (0 events):
No events

Internal exceptions (10 events):
Event: 22.005 Thread 0x00007fefc8001000 Exception <a 'java/lang/ArrayIndexOutOfBoundsException'> (0x000000076d10b860) thrown at [/Users/java_re/workspace/8-2-build-macosx-x86_64/jdk8u191/11896/hotspot/src/share/vm/runtime/sharedRuntime.cpp, line 605]
Event: 22.109 Thread 0x00007fefc8001000 Exception <a 'java/lang/ArrayIndexOutOfBoundsException'> (0x000000076aba0630) thrown at [/Users/java_re/workspace/8-2-build-macosx-x86_64/jdk8u191/11896/hotspot/src/share/vm/runtime/sharedRuntime.cpp, line 605]
Event: 22.147 Thread 0x00007fefc8001000 Exception <a 'java/lang/ArrayIndexOutOfBoundsException'> (0x000000076b6cf6e8) thrown at [/Users/java_re/workspace/8-2-build-macosx-x86_64/jdk8u191/11896/hotspot/src/share/vm/runtime/sharedRuntime.cpp, line 605]
Event: 22.161 Thread 0x00007fefc8001000 Exception <a 'java/lang/ArrayIndexOutOfBoundsException'> (0x000000076b8e0d38) thrown at [/Users/java_re/workspace/8-2-build-macosx-x86_64/jdk8u191/11896/hotspot/src/share/vm/runtime/sharedRuntime.cpp, line 605]
Event: 22.185 Thread 0x00007fefc8001000 Exception <a 'java/lang/ArrayIndexOutOfBoundsException'> (0x000000076bb75a78) thrown at [/Users/java_re/workspace/8-2-build-macosx-x86_64/jdk8u191/11896/hotspot/src/share/vm/runtime/sharedRuntime.cpp, line 605]
Event: 22.185 Thread 0x00007fefc8001000 Exception <a 'java/lang/ArrayIndexOutOfBoundsException'> (0x000000076bb76a38) thrown at [/Users/java_re/workspace/8-2-build-macosx-x86_64/jdk8u191/11896/hotspot/src/share/vm/runtime/sharedRuntime.cpp, line 605]
Event: 22.185 Thread 0x00007fefc8001000 Exception <a 'java/lang/ArrayIndexOutOfBoundsException'> (0x000000076bb78a58) thrown at [/Users/java_re/workspace/8-2-build-macosx-x86_64/jdk8u191/11896/hotspot/src/share/vm/runtime/sharedRuntime.cpp, line 605]
Event: 29.676 Thread 0x00007fefc80d6800 Exception <a 'java/lang/NoSuchMethodError': java.lang.Object.lambda$thenComparing$36697e65$1(Ljava/util/Comparator;Ljava/lang/Object;Ljava/lang/Object;)I> (0x000000076d7a3580) thrown at [/Users/java_re/workspace/8-2-build-macosx-x86_64/jdk8u191/11896/hots
Event: 42.961 Thread 0x00007fefc90f3800 Exception <a 'java/io/FileNotFoundException'> (0x000000076fb2cd50) thrown at [/Users/java_re/workspace/8-2-build-macosx-x86_64/jdk8u191/11896/hotspot/src/share/vm/prims/jni.cpp, line 709]
Event: 42.961 Thread 0x00007fefc90f3800 Exception <a 'java/io/FileNotFoundException'> (0x000000076fb2dc98) thrown at [/Users/java_re/workspace/8-2-build-macosx-x86_64/jdk8u191/11896/hotspot/src/share/vm/prims/jni.cpp, line 709]

Events (10 events):
Event: 42.990 loading class javax/imageio/ImageIO$CacheInfo
Event: 42.990 loading class javax/imageio/ImageIO$CacheInfo done
Event: 42.990 loading class javax/imageio/stream/FileImageInputStream
Event: 42.990 loading class javax/imageio/stream/ImageInputStreamImpl
Event: 42.991 loading class javax/imageio/stream/ImageInputStreamImpl done
Event: 42.991 loading class javax/imageio/stream/FileImageInputStream done
Event: 42.991 loading class com/sun/imageio/stream/CloseableDisposerRecord
Event: 42.991 loading class com/sun/imageio/stream/CloseableDisposerRecord done
Event: 42.997 loading class com/sun/imageio/plugins/jpeg/JPEGBuffer
Event: 42.997 loading class com/sun/imageio/plugins/jpeg/JPEGBuffer done


Dynamic libraries:
0x00007fff4baed000 	/System/Library/Frameworks/Cocoa.framework/Versions/A/Cocoa
0x00007fff57805000 	/System/Library/Frameworks/Security.framework/Versions/A/Security
0x00007fff4a782000 	/System/Library/Frameworks/ApplicationServices.framework/Versions/A/ApplicationServices
0x00007fff778cb000 	/usr/lib/libz.1.dylib
0x00007fff75225000 	/usr/lib/libSystem.B.dylib
0x00007fff76a5c000 	/usr/lib/libobjc.A.dylib
0x00007fff4c2d5000 	/System/Library/Frameworks/CoreFoundation.framework/Versions/A/CoreFoundation
0x00007fff4e557000 	/System/Library/Frameworks/Foundation.framework/Versions/C/Foundation
0x00007fff4997b000 	/System/Library/Frameworks/AppKit.framework/Versions/C/AppKit
0x00007fff4be68000 	/System/Library/Frameworks/CoreData.framework/Versions/A/CoreData
0x00007fff6ecf8000 	/System/Library/PrivateFrameworks/RemoteViewServices.framework/Versions/A/RemoteViewServices
0x00007fff72f65000 	/System/Library/PrivateFrameworks/UIFoundation.framework/Versions/A/UIFoundation
0x00007fff74647000 	/System/Library/PrivateFrameworks/XCTTargetBootstrap.framework/Versions/A/XCTTargetBootstrap
0x00007fff4c1ed000 	/System/Library/Frameworks/CoreDisplay.framework/Versions/A/CoreDisplay
0x00007fff69a4b000 	/System/Library/PrivateFrameworks/IconServices.framework/Versions/A/IconServices
0x00007fff50e7b000 	/System/Library/Frameworks/Metal.framework/Versions/A/Metal
0x00007fff60fc6000 	/System/Library/PrivateFrameworks/DesktopServicesPriv.framework/Versions/A/DesktopServicesPriv
0x00007fff75dbf000 	/usr/lib/libenergytrace.dylib
0x00007fff7144e000 	/System/Library/PrivateFrameworks/SkyLight.framework/Versions/A/SkyLight
0x00007fff4c71b000 	/System/Library/Frameworks/CoreGraphics.framework/Versions/A/CoreGraphics
0x00007fff48747000 	/System/Library/Frameworks/Accelerate.framework/Versions/A/Accelerate
0x00007fff4ec9f000 	/System/Library/Frameworks/IOSurface.framework/Versions/A/IOSurface
0x00007fff60e32000 	/System/Library/PrivateFrameworks/DFRFoundation.framework/Versions/A/DFRFoundation
0x00007fff4ac65000 	/System/Library/Frameworks/AudioToolbox.framework/Versions/A/AudioToolbox
0x00007fff4aede000 	/System/Library/Frameworks/AudioUnit.framework/Versions/A/AudioUnit
0x00007fff60ec7000 	/System/Library/PrivateFrameworks/DataDetectorsCore.framework/Versions/A/DataDetectorsCore
0x00007fff4b5f1000 	/System/Library/Frameworks/Carbon.framework/Versions/A/Frameworks/HIToolbox.framework/Versions/A/HIToolbox
0x00007fff75f18000 	/usr/lib/libicucore.A.dylib
0x00007fff56d7a000 	/System/Library/Frameworks/QuartzCore.framework/Versions/A/QuartzCore
0x00007fff4b9c5000 	/System/Library/Frameworks/Carbon.framework/Versions/A/Frameworks/SpeechRecognition.framework/Versions/A/SpeechRecognition
0x00007fff75379000 	/usr/lib/libauto.dylib
0x00007fff777bf000 	/usr/lib/libxml2.2.dylib
0x00007fff60a0f000 	/System/Library/PrivateFrameworks/CoreUI.framework/Versions/A/CoreUI
0x00007fff4bd53000 	/System/Library/Frameworks/CoreAudio.framework/Versions/A/CoreAudio
0x00007fff4e38c000 	/System/Library/Frameworks/DiskArbitration.framework/Versions/A/DiskArbitration
0x00007fff761c6000 	/usr/lib/liblangid.dylib
0x00007fff6ae59000 	/System/Library/PrivateFrameworks/MultitouchSupport.framework/Versions/A/MultitouchSupport
0x00007fff4ec0e000 	/System/Library/Frameworks/IOKit.framework/Versions/A/IOKit
0x00007fff74de6000 	/usr/lib/libDiagnosticMessagesClient.dylib
0x00007fff4d52a000 	/System/Library/Frameworks/CoreServices.framework/Versions/A/CoreServices
0x00007fff6cb00000 	/System/Library/PrivateFrameworks/PerformanceAnalysis.framework/Versions/A/PerformanceAnalysis
0x00007fff55f68000 	/System/Library/Frameworks/OpenGL.framework/Versions/A/OpenGL
0x00007fff4bafb000 	/System/Library/Frameworks/ColorSync.framework/Versions/A/ColorSync
0x00007fff4cdac000 	/System/Library/Frameworks/CoreImage.framework/Versions/A/CoreImage
0x00007fff4df03000 	/System/Library/Frameworks/CoreText.framework/Versions/A/CoreText
0x00007fff4ed02000 	/System/Library/Frameworks/ImageIO.framework/Versions/A/ImageIO
0x00007fff5d064000 	/System/Library/PrivateFrameworks/Backup.framework/Versions/A/Backup
0x00007fff752cc000 	/usr/lib/libarchive.2.dylib
0x00007fff4b236000 	/System/Library/Frameworks/CFNetwork.framework/Versions/A/CFNetwork
0x00007fff57f5f000 	/System/Library/Frameworks/SystemConfiguration.framework/Versions/A/SystemConfiguration
0x00007fff74d17000 	/usr/lib/libCRFSuite.dylib
0x00007fff75468000 	/usr/lib/libc++.1.dylib
0x00007fff754bc000 	/usr/lib/libc++abi.dylib
0x00007fff780c1000 	/usr/lib/system/libcache.dylib
0x00007fff780c6000 	/usr/lib/system/libcommonCrypto.dylib
0x00007fff780d1000 	/usr/lib/system/libcompiler_rt.dylib
0x00007fff780d9000 	/usr/lib/system/libcopyfile.dylib
0x00007fff780e3000 	/usr/lib/system/libcorecrypto.dylib
0x00007fff781ee000 	/usr/lib/system/libdispatch.dylib
0x00007fff78228000 	/usr/lib/system/libdyld.dylib
0x00007fff78255000 	/usr/lib/system/libkeymgr.dylib
0x00007fff78263000 	/usr/lib/system/liblaunch.dylib
0x00007fff78264000 	/usr/lib/system/libmacho.dylib
0x00007fff7826a000 	/usr/lib/system/libquarantine.dylib
0x00007fff7826d000 	/usr/lib/system/libremovefile.dylib
0x00007fff7826f000 	/usr/lib/system/libsystem_asl.dylib
0x00007fff78287000 	/usr/lib/system/libsystem_blocks.dylib
0x00007fff78288000 	/usr/lib/system/libsystem_c.dylib
0x00007fff78310000 	/usr/lib/system/libsystem_configuration.dylib
0x00007fff78314000 	/usr/lib/system/libsystem_coreservices.dylib
0x00007fff78318000 	/usr/lib/system/libsystem_darwin.dylib
0x00007fff7831f000 	/usr/lib/system/libsystem_dnssd.dylib
0x00007fff78326000 	/usr/lib/system/libsystem_info.dylib
0x00007fff7839b000 	/usr/lib/system/libsystem_m.dylib
0x00007fff783e7000 	/usr/lib/system/libsystem_malloc.dylib
0x00007fff78412000 	/usr/lib/system/libsystem_networkextension.dylib
0x00007fff7841d000 	/usr/lib/system/libsystem_notify.dylib
0x00007fff7843a000 	/usr/lib/system/libsystem_sandbox.dylib
0x00007fff7843e000 	/usr/lib/system/libsystem_secinit.dylib
0x00007fff78372000 	/usr/lib/system/libsystem_kernel.dylib
0x00007fff78425000 	/usr/lib/system/libsystem_platform.dylib
0x00007fff7842f000 	/usr/lib/system/libsystem_pthread.dylib
0x00007fff78441000 	/usr/lib/system/libsystem_symptoms.dylib
0x00007fff78449000 	/usr/lib/system/libsystem_trace.dylib
0x00007fff78460000 	/usr/lib/system/libunwind.dylib
0x00007fff78466000 	/usr/lib/system/libxpc.dylib
0x00007fff75449000 	/usr/lib/libbsm.0.dylib
0x00007fff78256000 	/usr/lib/system/libkxld.dylib
0x00007fff5c455000 	/System/Library/PrivateFrameworks/AppleFSCompression.framework/Versions/A/AppleFSCompression
0x00007fff750e5000 	/usr/lib/libOpenScriptingUtil.dylib
0x00007fff75771000 	/usr/lib/libcoretls.dylib
0x00007fff75788000 	/usr/lib/libcoretls_cfhelpers.dylib
0x00007fff771f3000 	/usr/lib/libpam.2.dylib
0x00007fff773b3000 	/usr/lib/libsqlite3.dylib
0x00007fff777ad000 	/usr/lib/libxar.1.dylib
0x00007fff7545a000 	/usr/lib/libbz2.1.0.dylib
0x00007fff761c8000 	/usr/lib/liblzma.5.dylib
0x00007fff76679000 	/usr/lib/libnetwork.dylib
0x00007fff752b5000 	/usr/lib/libapple_nghttp2.dylib
0x00007fff771fa000 	/usr/lib/libpcap.A.dylib
0x00007fff4d8c9000 	/System/Library/Frameworks/CoreServices.framework/Versions/A/Frameworks/FSEvents.framework/Versions/A/FSEvents
0x00007fff4d5a8000 	/System/Library/Frameworks/CoreServices.framework/Versions/A/Frameworks/CarbonCore.framework/Versions/A/CarbonCore
0x00007fff4da85000 	/System/Library/Frameworks/CoreServices.framework/Versions/A/Frameworks/Metadata.framework/Versions/A/Metadata
0x00007fff4db24000 	/System/Library/Frameworks/CoreServices.framework/Versions/A/Frameworks/OSServices.framework/Versions/A/OSServices
0x00007fff4db6f000 	/System/Library/Frameworks/CoreServices.framework/Versions/A/Frameworks/SearchKit.framework/Versions/A/SearchKit
0x00007fff4d52b000 	/System/Library/Frameworks/CoreServices.framework/Versions/A/Frameworks/AE.framework/Versions/A/AE
0x00007fff4d8d2000 	/System/Library/Frameworks/CoreServices.framework/Versions/A/Frameworks/LaunchServices.framework/Versions/A/LaunchServices
0x00007fff4d880000 	/System/Library/Frameworks/CoreServices.framework/Versions/A/Frameworks/DictionaryServices.framework/Versions/A/DictionaryServices
0x00007fff4dbd7000 	/System/Library/Frameworks/CoreServices.framework/Versions/A/Frameworks/SharedFileList.framework/Versions/A/SharedFileList
0x00007fff51f43000 	/System/Library/Frameworks/NetFS.framework/Versions/A/NetFS
0x00007fff6b0bf000 	/System/Library/PrivateFrameworks/NetAuth.framework/Versions/A/NetAuth
0x00007fff74a4b000 	/System/Library/PrivateFrameworks/login.framework/Versions/A/Frameworks/loginsupport.framework/Versions/A/loginsupport
0x00007fff72b6e000 	/System/Library/PrivateFrameworks/TCC.framework/Versions/A/TCC
0x00007fff6006c000 	/System/Library/PrivateFrameworks/CoreNLP.framework/Versions/A/CoreNLP
0x00007fff6ab52000 	/System/Library/PrivateFrameworks/MetadataUtilities.framework/Versions/A/MetadataUtilities
0x00007fff7629d000 	/usr/lib/libmecabra.dylib
0x00007fff4a783000 	/System/Library/Frameworks/ApplicationServices.framework/Versions/A/Frameworks/ATS.framework/Versions/A/ATS
0x00007fff4aad2000 	/System/Library/Frameworks/ApplicationServices.framework/Versions/A/Frameworks/ColorSyncLegacy.framework/Versions/A/ColorSyncLegacy
0x00007fff4ab71000 	/System/Library/Frameworks/ApplicationServices.framework/Versions/A/Frameworks/HIServices.framework/Versions/A/HIServices
0x00007fff4abc4000 	/System/Library/Frameworks/ApplicationServices.framework/Versions/A/Frameworks/LangAnalysis.framework/Versions/A/LangAnalysis
0x00007fff4abd4000 	/System/Library/Frameworks/ApplicationServices.framework/Versions/A/Frameworks/PrintCore.framework/Versions/A/PrintCore
0x00007fff4ac1e000 	/System/Library/Frameworks/ApplicationServices.framework/Versions/A/Frameworks/QD.framework/Versions/A/QD
0x00007fff4ac58000 	/System/Library/Frameworks/ApplicationServices.framework/Versions/A/Frameworks/SpeechSynthesis.framework/Versions/A/SpeechSynthesis
0x00007fff754e4000 	/usr/lib/libcompression.dylib
0x00007fff5114b000 	/System/Library/Frameworks/MetalPerformanceShaders.framework/Versions/A/MetalPerformanceShaders
0x00007fff4875f000 	/System/Library/Frameworks/Accelerate.framework/Versions/A/Frameworks/vImage.framework/Versions/A/vImage
0x00007fff497d9000 	/System/Library/Frameworks/Accelerate.framework/Versions/A/Frameworks/vecLib.framework/Versions/A/vecLib
0x00007fff49725000 	/System/Library/Frameworks/Accelerate.framework/Versions/A/Frameworks/vecLib.framework/Versions/A/libvMisc.dylib
0x00007fff4953d000 	/System/Library/Frameworks/Accelerate.framework/Versions/A/Frameworks/vecLib.framework/Versions/A/libvDSP.dylib
0x00007fff48df9000 	/System/Library/Frameworks/Accelerate.framework/Versions/A/Frameworks/vecLib.framework/Versions/A/libBLAS.dylib
0x00007fff490e6000 	/System/Library/Frameworks/Accelerate.framework/Versions/A/Frameworks/vecLib.framework/Versions/A/libLAPACK.dylib
0x00007fff49490000 	/System/Library/Frameworks/Accelerate.framework/Versions/A/Frameworks/vecLib.framework/Versions/A/libLinearAlgebra.dylib
0x00007fff49529000 	/System/Library/Frameworks/Accelerate.framework/Versions/A/Frameworks/vecLib.framework/Versions/A/libSparseBLAS.dylib
0x00007fff494a6000 	/System/Library/Frameworks/Accelerate.framework/Versions/A/Frameworks/vecLib.framework/Versions/A/libQuadrature.dylib
0x00007fff49073000 	/System/Library/Frameworks/Accelerate.framework/Versions/A/Frameworks/vecLib.framework/Versions/A/libBNNS.dylib
0x00007fff494ac000 	/System/Library/Frameworks/Accelerate.framework/Versions/A/Frameworks/vecLib.framework/Versions/A/libSparse.dylib
0x00007fff673ae000 	/System/Library/PrivateFrameworks/GPUWrangler.framework/Versions/A/GPUWrangler
0x00007fff69680000 	/System/Library/PrivateFrameworks/IOAccelerator.framework/Versions/A/IOAccelerator
0x00007fff6968b000 	/System/Library/PrivateFrameworks/IOPresentment.framework/Versions/A/IOPresentment
0x00007fff60e42000 	/System/Library/PrivateFrameworks/DSExternalDisplay.framework/Versions/A/DSExternalDisplay
0x00007fff553bf000 	/System/Library/Frameworks/OpenGL.framework/Versions/A/Libraries/libCoreFSCache.dylib
0x00007fff50f3f000 	/System/Library/Frameworks/MetalPerformanceShaders.framework/Frameworks/MPSCore.framework/Versions/A/MPSCore
0x00007fff50f5f000 	/System/Library/Frameworks/MetalPerformanceShaders.framework/Frameworks/MPSImage.framework/Versions/A/MPSImage
0x00007fff51004000 	/System/Library/Frameworks/MetalPerformanceShaders.framework/Frameworks/MPSNeuralNetwork.framework/Versions/A/MPSNeuralNetwork
0x00007fff50fdc000 	/System/Library/Frameworks/MetalPerformanceShaders.framework/Frameworks/MPSMatrix.framework/Versions/A/MPSMatrix
0x00007fff51130000 	/System/Library/Frameworks/MetalPerformanceShaders.framework/Frameworks/MPSRayIntersector.framework/Versions/A/MPSRayIntersector
0x00007fff6ab7b000 	/System/Library/PrivateFrameworks/MetalTools.framework/Versions/A/MetalTools
0x00007fff5bd02000 	/System/Library/PrivateFrameworks/AggregateDictionary.framework/Versions/A/AggregateDictionary
0x00007fff750c6000 	/usr/lib/libMobileGestalt.dylib
0x00007fff4e066000 	/System/Library/Frameworks/CoreVideo.framework/Versions/A/CoreVideo
0x00007fff681be000 	/System/Library/PrivateFrameworks/GraphVisualizer.framework/Versions/A/GraphVisualizer
0x00007fff6203e000 	/System/Library/PrivateFrameworks/FaceCore.framework/Versions/A/FaceCore
0x00007fff549ed000 	/System/Library/Frameworks/OpenCL.framework/Versions/A/OpenCL
0x00007fff74e1e000 	/usr/lib/libFosl_dynamic.dylib
0x00007fff6b92a000 	/System/Library/PrivateFrameworks/OTSVG.framework/Versions/A/OTSVG
0x00007fff4a887000 	/System/Library/Frameworks/ApplicationServices.framework/Versions/A/Frameworks/ATS.framework/Versions/A/Resources/libFontParser.dylib
0x00007fff4a99f000 	/System/Library/Frameworks/ApplicationServices.framework/Versions/A/Frameworks/ATS.framework/Versions/A/Resources/libFontRegistry.dylib
0x00007fff4ef70000 	/System/Library/Frameworks/ImageIO.framework/Versions/A/Resources/libJPEG.dylib
0x00007fff4f282000 	/System/Library/Frameworks/ImageIO.framework/Versions/A/Resources/libTIFF.dylib
0x00007fff4f258000 	/System/Library/Frameworks/ImageIO.framework/Versions/A/Resources/libPng.dylib
0x00007fff4ee8e000 	/System/Library/Frameworks/ImageIO.framework/Versions/A/Resources/libGIF.dylib
0x00007fff4ee93000 	/System/Library/Frameworks/ImageIO.framework/Versions/A/Resources/libJP2.dylib
0x00007fff4f27f000 	/System/Library/Frameworks/ImageIO.framework/Versions/A/Resources/libRadiance.dylib
0x00007fff5c5ac000 	/System/Library/PrivateFrameworks/AppleJPEG.framework/Versions/A/AppleJPEG
0x00007fff553ca000 	/System/Library/Frameworks/OpenGL.framework/Versions/A/Libraries/libGFXShared.dylib
0x00007fff5558d000 	/System/Library/Frameworks/OpenGL.framework/Versions/A/Libraries/libGLU.dylib
0x00007fff553d3000 	/System/Library/Frameworks/OpenGL.framework/Versions/A/Libraries/libGL.dylib
0x00007fff553df000 	/System/Library/Frameworks/OpenGL.framework/Versions/A/Libraries/libGLImage.dylib
0x00007fff553bc000 	/System/Library/Frameworks/OpenGL.framework/Versions/A/Libraries/libCVMSPluginSupport.dylib
0x00007fff553c5000 	/System/Library/Frameworks/OpenGL.framework/Versions/A/Libraries/libCoreVMClient.dylib
0x00007fff75c35000 	/usr/lib/libcups.2.dylib
0x00007fff50446000 	/System/Library/Frameworks/Kerberos.framework/Versions/A/Kerberos
0x00007fff4e973000 	/System/Library/Frameworks/GSS.framework/Versions/A/GSS
0x00007fff77348000 	/usr/lib/libresolv.9.dylib
0x00007fff75e27000 	/usr/lib/libiconv.2.dylib
0x00007fff6831d000 	/System/Library/PrivateFrameworks/Heimdal.framework/Versions/A/Heimdal
0x00007fff75df7000 	/usr/lib/libheimdal-asn1.dylib
0x00007fff54a61000 	/System/Library/Frameworks/OpenDirectory.framework/Versions/A/OpenDirectory
0x00007fff5edd1000 	/System/Library/PrivateFrameworks/CommonAuth.framework/Versions/A/CommonAuth
0x00007fff54a45000 	/System/Library/Frameworks/OpenDirectory.framework/Versions/A/Frameworks/CFOpenDirectory.framework/Versions/A/CFOpenDirectory
0x00007fff57b05000 	/System/Library/Frameworks/SecurityFoundation.framework/Versions/A/SecurityFoundation
0x00007fff5b24b000 	/System/Library/PrivateFrameworks/APFS.framework/Versions/A/APFS
0x00007fff777a9000 	/usr/lib/libutil.dylib
0x00007fff754d2000 	/usr/lib/libcharset.1.dylib
0x00007fff5c849000 	/System/Library/PrivateFrameworks/AppleSauce.framework/Versions/A/AppleSauce
0x00007fff5c9ca000 	/System/Library/PrivateFrameworks/AssertionServices.framework/Versions/A/AssertionServices
0x00007fff5d0fa000 	/System/Library/PrivateFrameworks/BaseBoard.framework/Versions/A/BaseBoard
0x00007fff761f8000 	/usr/lib/libmecab.1.0.0.dylib
0x00007fff75df1000 	/usr/lib/libgermantok.dylib
0x00007fff752a2000 	/usr/lib/libThaiTokenizer.dylib
0x00007fff74d4e000 	/usr/lib/libChineseTokenizer.dylib
0x00007fff69d39000 	/System/Library/PrivateFrameworks/LanguageModeling.framework/Versions/A/LanguageModeling
0x00007fff5fab2000 	/System/Library/PrivateFrameworks/CoreEmoji.framework/Versions/A/CoreEmoji
0x00007fff69e15000 	/System/Library/PrivateFrameworks/Lexicon.framework/Versions/A/Lexicon
0x00007fff69e58000 	/System/Library/PrivateFrameworks/LinguisticData.framework/Versions/A/LinguisticData
0x00007fff754d3000 	/usr/lib/libcmph.dylib
0x00007fff57bc3000 	/System/Library/Frameworks/ServiceManagement.framework/Versions/A/ServiceManagement
0x00007fff5d05b000 	/System/Library/PrivateFrameworks/BackgroundTaskManagement.framework/Versions/A/BackgroundTaskManagement
0x00007fff778a2000 	/usr/lib/libxslt.1.dylib
0x00007fff4b8f2000 	/System/Library/Frameworks/Carbon.framework/Versions/A/Frameworks/Ink.framework/Versions/A/Ink
0x00007fff72de0000 	/System/Library/PrivateFrameworks/TextureIO.framework/Versions/A/TextureIO
0x00007fff752f6000 	/usr/lib/libate.dylib
0x00007fff60d91000 	/System/Library/PrivateFrameworks/CrashReporterSupport.framework/Versions/A/CrashReporterSupport
0x00007fff7051f000 	/System/Library/PrivateFrameworks/Sharing.framework/Versions/A/Sharing
0x00007fff5cdad000 	/System/Library/PrivateFrameworks/AuthKit.framework/Versions/A/AuthKit
0x00007fff5c301000 	/System/Library/PrivateFrameworks/Apple80211.framework/Versions/A/Apple80211
0x00007fff60b3b000 	/System/Library/PrivateFrameworks/CoreUtils.framework/Versions/A/CoreUtils
0x00007fff4e0a6000 	/System/Library/Frameworks/CoreWLAN.framework/Versions/A/CoreWLAN
0x00007fff4eaa2000 	/System/Library/Frameworks/IOBluetooth.framework/Versions/A/IOBluetooth
0x00007fff6e99f000 	/System/Library/PrivateFrameworks/ProtocolBuffer.framework/Versions/A/ProtocolBuffer
0x00007fff6adb5000 	/System/Library/PrivateFrameworks/MobileKeyBag.framework/Versions/A/MobileKeyBag
0x00007fff6037f000 	/System/Library/PrivateFrameworks/CorePhoneNumbers.framework/Versions/A/CorePhoneNumbers
0x00007fff5c560000 	/System/Library/PrivateFrameworks/AppleIDAuthSupport.framework/Versions/A/AppleIDAuthSupport
0x00007fff69d0c000 	/System/Library/PrivateFrameworks/KeychainCircle.framework/Versions/A/KeychainCircle
0x00007fff6eb55000 	/System/Library/PrivateFrameworks/ROCKit.framework/Versions/A/ROCKit
0x00007fff60d2d000 	/System/Library/PrivateFrameworks/CoreWiFi.framework/Versions/A/CoreWiFi
0x00007fff4be3d000 	/System/Library/Frameworks/CoreBluetooth.framework/Versions/A/CoreBluetooth
0x00007fff60f88000 	/System/Library/PrivateFrameworks/DebugSymbols.framework/Versions/A/DebugSymbols
0x00007fff608fb000 	/System/Library/PrivateFrameworks/CoreSymbolication.framework/Versions/A/CoreSymbolication
0x00007fff725fb000 	/System/Library/PrivateFrameworks/Symbolication.framework/Versions/A/Symbolication
0x00007fff71e9e000 	/System/Library/PrivateFrameworks/SpeechRecognitionCore.framework/Versions/A/SpeechRecognitionCore
0x00007fff40a64000 	/System/Library/CoreServices/Encodings/libCyrillicConverter.dylib
0x00000001040c3000 	/Library/Java/JavaVirtualMachines/jdk1.8.0_191.jdk/Contents/Home/jre/lib/server/libjvm.dylib
0x00007fff77684000 	/usr/lib/libstdc++.6.dylib
0x0000000105077000 	/Library/Java/JavaVirtualMachines/jdk1.8.0_191.jdk/Contents/Home/jre/lib/libverify.dylib
0x0000000105085000 	/Library/Java/JavaVirtualMachines/jdk1.8.0_191.jdk/Contents/Home/jre/lib/libjava.dylib
0x00000001050bc000 	/Library/Java/JavaVirtualMachines/jdk1.8.0_191.jdk/Contents/Home/jre/lib/libinstrument.dylib
0x0000000105159000 	/Library/Java/JavaVirtualMachines/jdk1.8.0_191.jdk/Contents/Home/jre/lib/libzip.dylib
0x000000010915d000 	/Library/Java/JavaVirtualMachines/jdk1.8.0_191.jdk/Contents/Home/jre/lib/libnet.dylib
0x0000000109174000 	/Library/Java/JavaVirtualMachines/jdk1.8.0_191.jdk/Contents/Home/jre/lib/libmanagement.dylib
0x00000001202a3000 	/Library/Java/JavaVirtualMachines/jdk1.8.0_191.jdk/Contents/Home/jre/lib/libnio.dylib
0x0000000121a5d000 	/private/var/folders/ly/yjy35mt10f7c43f7g387krkc0000gn/T/jna--522376130/jna4407851972744628713.tmp
0x00007fff50441000 	/System/Library/Frameworks/JavaVM.framework/Versions/A/JavaVM
0x00007fff69c2a000 	/System/Library/PrivateFrameworks/JavaLaunching.framework/Versions/A/JavaLaunching
0x0000000121a73000 	/usr/local/lib/libtesseract.dylib
0x0000000121f61000 	/usr/local/opt/leptonica/lib/liblept.5.dylib
0x000000012216d000 	/usr/local/opt/libpng/lib/libpng16.16.dylib
0x0000000122198000 	/usr/local/opt/jpeg/lib/libjpeg.9.dylib
0x0000000109187000 	/usr/local/opt/giflib/lib/libgif.7.dylib
0x00000001221cc000 	/usr/local/opt/libtiff/lib/libtiff.5.dylib
0x0000000122235000 	/usr/local/opt/webp/lib/libwebp.7.dylib
0x0000000122297000 	/usr/local/opt/openjpeg/lib/libopenjp2.7.dylib
0x00000001227fd000 	/Library/Java/JavaVirtualMachines/jdk1.8.0_191.jdk/Contents/Home/jre/lib/libawt.dylib
0x00000001228a7000 	/Library/Java/JavaVirtualMachines/jdk1.8.0_191.jdk/Contents/Home/jre/lib/./libmlib_image.dylib
0x00007fff5042f000 	/System/Library/Frameworks/JavaVM.framework/Versions/A/Frameworks/JavaNativeFoundation.framework/Versions/A/JavaNativeFoundation
0x00007fff50438000 	/System/Library/Frameworks/JavaVM.framework/Versions/A/Frameworks/JavaRuntimeSupport.framework/Versions/A/JavaRuntimeSupport
0x00007fff4b5ec000 	/System/Library/Frameworks/Carbon.framework/Versions/A/Carbon
0x00007fff4b5ed000 	/System/Library/Frameworks/Carbon.framework/Versions/A/Frameworks/CommonPanels.framework/Versions/A/CommonPanels
0x00007fff4b8e8000 	/System/Library/Frameworks/Carbon.framework/Versions/A/Frameworks/Help.framework/Versions/A/Help
0x00007fff4b8ec000 	/System/Library/Frameworks/Carbon.framework/Versions/A/Frameworks/ImageCapture.framework/Versions/A/ImageCapture
0x00007fff4b988000 	/System/Library/Frameworks/Carbon.framework/Versions/A/Frameworks/OpenScripting.framework/Versions/A/OpenScripting
0x00007fff4b9c0000 	/System/Library/Frameworks/Carbon.framework/Versions/A/Frameworks/Print.framework/Versions/A/Print
0x00007fff4b9c2000 	/System/Library/Frameworks/Carbon.framework/Versions/A/Frameworks/SecurityHI.framework/Versions/A/SecurityHI
0x0000000122973000 	/Library/Java/JavaVirtualMachines/jdk1.8.0_191.jdk/Contents/Home/jre/lib/libawt_lwawt.dylib
0x0000000122a2d000 	/Library/Java/JavaVirtualMachines/jdk1.8.0_191.jdk/Contents/Home/jre/lib/./libosxapp.dylib
0x00007fff4e530000 	/System/Library/Frameworks/ExceptionHandling.framework/Versions/A/ExceptionHandling
0x0000000122c49000 	/Library/Java/JavaVirtualMachines/jdk1.8.0_191.jdk/Contents/Home/jre/lib/libjpeg.dylib

VM Arguments:
jvm_args: -XX:TieredStopAtLevel=1 -Xverify:none -Dspring.output.ansi.enabled=always -Dcom.sun.management.jmxremote -Dcom.sun.management.jmxremote.port=56538 -Dcom.sun.management.jmxremote.authenticate=false -Dcom.sun.management.jmxremote.ssl=false -Djava.rmi.server.hostname=127.0.0.1 -Dspring.liveBeansView.mbeanDomain -Dspring.application.admin.enabled=true -javaagent:/Applications/Work/IntelliJ IDEA.app/Contents/lib/idea_rt.jar=56539:/Applications/Work/IntelliJ IDEA.app/Contents/bin -Dfile.encoding=UTF-8 
java_command: com.nikchernyakov.receiptscannerserver.ReceiptScannerServerApplicationKt
java_class_path (initial): /Library/Java/JavaVirtualMachines/jdk1.8.0_191.jdk/Contents/Home/jre/lib/charsets.jar:/Library/Java/JavaVirtualMachines/jdk1.8.0_191.jdk/Contents/Home/jre/lib/deploy.jar:/Library/Java/JavaVirtualMachines/jdk1.8.0_191.jdk/Contents/Home/jre/lib/ext/cldrdata.jar:/Library/Java/JavaVirtualMachines/jdk1.8.0_191.jdk/Contents/Home/jre/lib/ext/dnsns.jar:/Library/Java/JavaVirtualMachines/jdk1.8.0_191.jdk/Contents/Home/jre/lib/ext/jaccess.jar:/Library/Java/JavaVirtualMachines/jdk1.8.0_191.jdk/Contents/Home/jre/lib/ext/jfxrt.jar:/Library/Java/JavaVirtualMachines/jdk1.8.0_191.jdk/Contents/Home/jre/lib/ext/localedata.jar:/Library/Java/JavaVirtualMachines/jdk1.8.0_191.jdk/Contents/Home/jre/lib/ext/nashorn.jar:/Library/Java/JavaVirtualMachines/jdk1.8.0_191.jdk/Contents/Home/jre/lib/ext/sunec.jar:/Library/Java/JavaVirtualMachines/jdk1.8.0_191.jdk/Contents/Home/jre/lib/ext/sunjce_provider.jar:/Library/Java/JavaVirtualMachines/jdk1.8.0_191.jdk/Contents/Home/jre/lib/ext/sunpkcs11.jar:/Library/Java/JavaVirtualMachines/jdk1.8.0_191.jdk/Contents/Home/jre/lib/ext/zipfs.jar:/Library/Java/JavaVirtualMachines/jdk1.8.0_191.jdk/Contents/Home/jre/lib/javaws.jar:/Library/Java/JavaVirtualMachines/jdk1.8.0_191.jdk/Contents/Home/jre/lib/jce.jar:/Library/Java/JavaVirtualMachines/jdk1.8.0_191.jdk/Contents/Home/jre/lib/jfr.jar:/Library/Java/JavaVirtualMachines/jdk1.8.0_191.jdk/Contents/Home/jre/lib/jfxswt.jar:/Library/Java/JavaVirtualMachines/jdk1.8.0_191.jdk/Contents/Home/jre/lib/jsse.jar:/Library/Java/JavaVirtualMachines/jdk1.8.0_191.jdk/Contents/Home/jre/lib/management-agent.jar:/Library/Java/JavaVirtualMachines/jdk1.8.0_191.jdk/Contents/Home/jre/lib/plugin.jar:/Library/Java/JavaVirtualMachines/jdk1.8.0_191.jdk/Contents/Home/jre/lib/resources.jar:/Library/Java/JavaVirtualMachines/jdk1.8.0_191.jdk/Contents/Home/jre/lib/rt.jar:/Library/Java/JavaVirtualMachines/jdk1.8.0_191.jdk/Contents/Home/lib/ant-javafx.jar:/Library/Java/JavaVirtualMachines/jdk1.8.0_191.jdk/Contents/Home
Launcher Type: SUN_STANDARD

Environment Variables:
PATH=/usr/local/bin:/usr/bin:/bin:/usr/sbin:/sbin
SHELL=/bin/bash

Signal Handlers:
SIGSEGV: [libjvm.dylib+0x5b5de9], sa_mask[0]=11111111011111110111111111111111, sa_flags=SA_ONSTACK|SA_RESTART|SA_SIGINFO
SIGBUS: [libjvm.dylib+0x5b5de9], sa_mask[0]=11111111011111110111111111111111, sa_flags=SA_RESTART|SA_SIGINFO
SIGFPE: [libjvm.dylib+0x48b6b0], sa_mask[0]=11111111011111110111111111111111, sa_flags=SA_RESTART|SA_SIGINFO
SIGPIPE: [libjvm.dylib+0x48b6b0], sa_mask[0]=11111111011111110111111111111111, sa_flags=SA_RESTART|SA_SIGINFO
SIGXFSZ: [libjvm.dylib+0x48b6b0], sa_mask[0]=11111111011111110111111111111111, sa_flags=SA_RESTART|SA_SIGINFO
SIGILL: [libjvm.dylib+0x48b6b0], sa_mask[0]=11111111011111110111111111111111, sa_flags=SA_RESTART|SA_SIGINFO
SIGUSR1: SIG_DFL, sa_mask[0]=00000000000000000000000000000000, sa_flags=none
SIGUSR2: [libjvm.dylib+0x48b1ce], sa_mask[0]=00100000000000000000000000000000, sa_flags=SA_RESTART|SA_SIGINFO
SIGHUP: [libjvm.dylib+0x489759], sa_mask[0]=11111111011111110111111111111111, sa_flags=SA_RESTART|SA_SIGINFO
SIGINT: [libjvm.dylib+0x489759], sa_mask[0]=11111111011111110111111111111111, sa_flags=SA_RESTART|SA_SIGINFO
SIGTERM: [libjvm.dylib+0x489759], sa_mask[0]=11111111011111110111111111111111, sa_flags=SA_RESTART|SA_SIGINFO
SIGQUIT: [libjvm.dylib+0x489759], sa_mask[0]=11111111011111110111111111111111, sa_flags=SA_RESTART|SA_SIGINFO


---------------  S Y S T E M  ---------------

OS:Bsduname:Darwin 18.6.0 Darwin Kernel Version 18.6.0: Thu Apr 25 23:16:27 PDT 2019; root:xnu-4903.261.4~2/RELEASE_X86_64 x86_64
rlimit: STACK 8192k, CORE 0k, NPROC 1418, NOFILE 10240, AS infinity
load average:1.91 2.14 2.26

CPU:total 4 (initial active 4) (2 cores per cpu, 2 threads per core) family 6 model 69 stepping 1, cmov, cx8, fxsr, mmx, sse, sse2, sse3, ssse3, sse4.1, sse4.2, popcnt, avx, avx2, aes, clmul, erms, lzcnt, ht, tsc, tscinvbit, bmi1, bmi2

Memory: 4k page, physical 16777216k(850104k free)

/proc/meminfo:


vm_info: Java HotSpot(TM) 64-Bit Server VM (25.191-b12) for bsd-amd64 JRE (1.8.0_191-b12), built on Oct  6 2018 08:37:07 by "java_re" with gcc 4.2.1 (Based on Apple Inc. build 5658) (LLVM build 2336.11.00)

time: Sun May 26 00:16:46 2019
elapsed time: 43 seconds (0d 0h 0m 43s)

